[2025-12-29 11:01:35,026: INFO: main: Welcome to our custom log]
[2025-12-30 10:48:10,670: INFO: common: yaml file: config\config.yaml loaded successfully]
[2025-12-30 10:48:10,698: INFO: common: yaml file: params.yaml loaded successfully]
[2025-12-30 10:48:10,698: INFO: common: created directory at: artifacts]
[2025-12-30 10:48:10,703: INFO: common: created directory at: artifacts/data_ingestion]
[2025-12-30 10:48:10,703: INFO: 3281805289: Downloading data from https://drive.google.com/file/d/1vlhZ5c7abUKF8xXERIw6m9Te8fW7ohw3/view?usp=sharing into file artifacts/data_ingestion/data.zip]
[2025-12-30 10:50:19,427: INFO: 3281805289: Downloaded data from https://drive.google.com/file/d/1vlhZ5c7abUKF8xXERIw6m9Te8fW7ohw3/view?usp=sharing into file artifacts/data_ingestion/data.zip]
[2025-12-30 15:53:21,252: INFO: common: yaml file: config\config.yaml loaded successfully]
[2025-12-30 15:53:21,280: INFO: common: yaml file: params.yaml loaded successfully]
[2025-12-30 15:53:21,284: INFO: common: created directory at: artifacts]
[2025-12-30 15:53:21,287: INFO: common: created directory at: artifacts/prepare_base_model]
[2025-12-30 15:53:33,662: WARNING: saving_utils: Compiled the loaded model, but the compiled metrics have yet to be built. `model.compile_metrics` will be empty until you train or evaluate the model.]
[2025-12-30 15:55:15,120: INFO: common: yaml file: config\config.yaml loaded successfully]
[2025-12-30 15:55:15,124: INFO: common: yaml file: params.yaml loaded successfully]
[2025-12-30 15:55:15,126: INFO: common: created directory at: artifacts]
[2025-12-30 15:55:15,127: INFO: common: created directory at: artifacts/prepare_base_model]
[2025-12-30 15:55:15,652: WARNING: saving_utils: Compiled the loaded model, but the compiled metrics have yet to be built. `model.compile_metrics` will be empty until you train or evaluate the model.]
[2025-12-30 15:58:24,484: INFO: common: yaml file: config\config.yaml loaded successfully]
[2025-12-30 15:58:24,503: INFO: common: yaml file: params.yaml loaded successfully]
[2025-12-30 15:58:24,506: INFO: common: created directory at: artifacts]
[2025-12-30 15:58:24,508: INFO: common: created directory at: artifacts/prepare_base_model]
[2025-12-30 15:58:24,970: WARNING: saving_utils: Compiled the loaded model, but the compiled metrics have yet to be built. `model.compile_metrics` will be empty until you train or evaluate the model.]
[2025-12-30 21:03:55,466: INFO: common: yaml file: config\config.yaml loaded successfully]
[2025-12-30 21:03:55,474: INFO: common: yaml file: params.yaml loaded successfully]
[2025-12-30 21:03:55,477: INFO: common: created directory at: artifacts]
[2025-12-30 21:05:09,856: INFO: common: yaml file: config\config.yaml loaded successfully]
[2025-12-30 21:05:09,861: INFO: common: yaml file: params.yaml loaded successfully]
[2025-12-30 21:05:09,861: INFO: common: created directory at: artifacts]
[2025-12-30 21:05:09,869: INFO: common: created directory at: artifacts\training]
[2025-12-30 21:06:43,814: INFO: common: yaml file: config\config.yaml loaded successfully]
[2025-12-30 21:06:43,819: INFO: common: yaml file: params.yaml loaded successfully]
[2025-12-30 21:06:43,823: INFO: common: created directory at: artifacts]
[2025-12-30 21:06:43,823: INFO: common: created directory at: artifacts\training]
[2025-12-30 21:08:41,493: INFO: common: yaml file: config\config.yaml loaded successfully]
[2025-12-30 21:08:41,499: INFO: common: yaml file: params.yaml loaded successfully]
[2025-12-30 21:08:41,503: INFO: common: created directory at: artifacts]
[2025-12-30 21:08:41,503: INFO: common: created directory at: artifacts\training]
[2025-12-30 21:10:56,348: INFO: common: yaml file: config\config.yaml loaded successfully]
[2025-12-30 21:10:56,354: INFO: common: yaml file: params.yaml loaded successfully]
[2025-12-30 21:10:56,357: INFO: common: created directory at: artifacts]
[2025-12-30 21:10:56,360: INFO: common: created directory at: artifacts\training]
[2025-12-30 21:11:43,502: INFO: common: yaml file: config\config.yaml loaded successfully]
[2025-12-30 21:11:43,508: INFO: common: yaml file: params.yaml loaded successfully]
[2025-12-30 21:11:43,509: INFO: common: created directory at: artifacts]
[2025-12-30 21:11:43,515: INFO: common: created directory at: artifacts\training]
[2025-12-30 21:14:31,232: INFO: common: yaml file: config\config.yaml loaded successfully]
[2025-12-30 21:14:31,268: INFO: common: yaml file: params.yaml loaded successfully]
[2025-12-30 21:14:31,279: INFO: common: created directory at: artifacts]
[2025-12-30 21:14:31,284: INFO: common: created directory at: artifacts\training]
[2025-12-31 12:19:43,391: INFO: common: yaml file: config\config.yaml loaded successfully]
[2025-12-31 12:19:43,416: INFO: common: yaml file: params.yaml loaded successfully]
[2025-12-31 12:19:43,422: INFO: common: created directory at: artifacts]
[2025-12-31 12:19:59,578: INFO: common: json file saved at: scores.json]
[2025-12-31 12:22:58,471: INFO: common: yaml file: config\config.yaml loaded successfully]
[2025-12-31 12:22:58,479: INFO: common: yaml file: params.yaml loaded successfully]
[2025-12-31 12:22:58,481: INFO: common: created directory at: artifacts]
[2025-12-31 12:23:10,895: INFO: common: json file saved at: scores.json]
[2025-12-31 12:26:16,726: INFO: common: yaml file: config\config.yaml loaded successfully]
[2025-12-31 12:26:16,730: INFO: common: yaml file: params.yaml loaded successfully]
[2025-12-31 12:26:16,732: INFO: common: created directory at: artifacts]
[2025-12-31 12:26:28,847: INFO: common: json file saved at: scores.json]
[2025-12-31 12:47:49,632: INFO: common: yaml file: config\config.yaml loaded successfully]
[2025-12-31 12:47:49,643: INFO: common: yaml file: params.yaml loaded successfully]
[2025-12-31 12:47:49,653: INFO: common: created directory at: artifacts]
[2025-12-31 12:48:03,634: INFO: common: json file saved at: scores.json]
[2025-12-31 12:48:11,722: WARNING: save: Found untraced functions such as _jit_compiled_convolution_op, _jit_compiled_convolution_op, _jit_compiled_convolution_op, _jit_compiled_convolution_op, _jit_compiled_convolution_op while saving (showing 5 of 14). These functions will not be directly callable after loading.]
[2025-12-31 12:48:12,423: INFO: builder_impl: Assets written to: C:\Users\Shyam\AppData\Local\Temp\tmpdgtsypp6\model\data\model\assets]
[2025-12-31 15:32:33,110: INFO: main: >>>>> stage Data Ingestion Stage started <<<<<]
[2025-12-31 15:32:33,130: INFO: common: yaml file: config\config.yaml loaded successfully]
[2025-12-31 15:32:33,155: INFO: common: yaml file: params.yaml loaded successfully]
[2025-12-31 15:32:33,155: INFO: common: created directory at: artifacts]
[2025-12-31 15:32:33,155: INFO: common: created directory at: artifacts/data_ingestion]
[2025-12-31 15:32:33,155: INFO: data_ingestion: Downloading data from https://drive.google.com/file/d/1NY__w7jcreT_kem8etYXak-5h8pCEzYK/view?usp=sharing into file artifacts/data_ingestion/data.zip]
[2025-12-31 15:33:45,782: INFO: data_ingestion: Downloaded data from https://drive.google.com/file/d/1NY__w7jcreT_kem8etYXak-5h8pCEzYK/view?usp=sharing into file artifacts/data_ingestion/data.zip]
[2025-12-31 15:34:04,666: INFO: main: >>>>> stage Data Ingestion Stage completed <<<<<

x==========x]
[2025-12-31 15:34:04,666: INFO: main: >>>>> stage Prepare Base Model started <<<<<]
[2025-12-31 15:34:04,669: INFO: common: yaml file: config\config.yaml loaded successfully]
[2025-12-31 15:34:04,670: INFO: common: yaml file: params.yaml loaded successfully]
[2025-12-31 15:34:04,670: INFO: common: created directory at: artifacts]
[2025-12-31 15:34:04,671: INFO: common: created directory at: artifacts/prepare_base_model]
[2025-12-31 15:34:05,287: WARNING: saving_utils: Compiled the loaded model, but the compiled metrics have yet to be built. `model.compile_metrics` will be empty until you train or evaluate the model.]
[2025-12-31 15:34:05,550: INFO: main: >>>>> stage Prepare Base Model completed <<<<<

x==========x]
[2025-12-31 15:34:05,551: INFO: main: >>>>> stage Training started <<<<<]
[2025-12-31 15:34:05,555: INFO: common: yaml file: config\config.yaml loaded successfully]
[2025-12-31 15:34:05,559: INFO: common: yaml file: params.yaml loaded successfully]
[2025-12-31 15:34:05,561: INFO: common: created directory at: artifacts]
[2025-12-31 15:34:05,562: INFO: common: created directory at: artifacts\training]
[2025-12-31 15:34:06,055: ERROR: main: [WinError 3] The system cannot find the path specified: 'artifacts\\data_ingestion\\Kidney-ct-scan-image']
Traceback (most recent call last):
  File "main.py", line 31, in <module>
    model_trainer.main()
  File "c:\users\shyam\desktop\renal_tumor_classification_project\src\cnnClassifier\pipeline\stage_03_model_training.py", line 17, in main
    training.train_valid_generator()
  File "c:\users\shyam\desktop\renal_tumor_classification_project\src\cnnClassifier\components\model_training.py", line 36, in train_valid_generator
    self.valid_generator = valid_datagenerator.flow_from_directory(
  File "C:\Users\Shyam\anaconda3\envs\renal\lib\site-packages\keras\preprocessing\image.py", line 1648, in flow_from_directory
    return DirectoryIterator(
  File "C:\Users\Shyam\anaconda3\envs\renal\lib\site-packages\keras\preprocessing\image.py", line 563, in __init__
    for subdir in sorted(os.listdir(directory)):
FileNotFoundError: [WinError 3] The system cannot find the path specified: 'artifacts\\data_ingestion\\Kidney-ct-scan-image'
[2025-12-31 15:37:16,208: INFO: main: >>>>> stage Data Ingestion Stage started <<<<<]
[2025-12-31 15:37:16,211: INFO: common: yaml file: config\config.yaml loaded successfully]
[2025-12-31 15:37:16,212: INFO: common: yaml file: params.yaml loaded successfully]
[2025-12-31 15:37:16,213: INFO: common: created directory at: artifacts]
[2025-12-31 15:37:16,213: INFO: common: created directory at: artifacts/data_ingestion]
[2025-12-31 15:37:16,214: INFO: data_ingestion: Downloading data from https://drive.google.com/file/d/1NY__w7jcreT_kem8etYXak-5h8pCEzYK/view?usp=sharing into file artifacts/data_ingestion/data.zip]
[2025-12-31 15:38:18,461: INFO: data_ingestion: Downloaded data from https://drive.google.com/file/d/1NY__w7jcreT_kem8etYXak-5h8pCEzYK/view?usp=sharing into file artifacts/data_ingestion/data.zip]
[2025-12-31 15:38:31,065: INFO: main: >>>>> stage Data Ingestion Stage completed <<<<<

x==========x]
[2025-12-31 15:38:31,066: INFO: main: >>>>> stage Prepare Base Model started <<<<<]
[2025-12-31 15:38:31,069: INFO: common: yaml file: config\config.yaml loaded successfully]
[2025-12-31 15:38:31,070: INFO: common: yaml file: params.yaml loaded successfully]
[2025-12-31 15:38:31,071: INFO: common: created directory at: artifacts]
[2025-12-31 15:38:31,072: INFO: common: created directory at: artifacts/prepare_base_model]
[2025-12-31 15:38:31,760: WARNING: saving_utils: Compiled the loaded model, but the compiled metrics have yet to be built. `model.compile_metrics` will be empty until you train or evaluate the model.]
[2025-12-31 15:38:32,035: INFO: main: >>>>> stage Prepare Base Model completed <<<<<

x==========x]
[2025-12-31 15:38:32,035: INFO: main: >>>>> stage Training started <<<<<]
[2025-12-31 15:38:32,038: INFO: common: yaml file: config\config.yaml loaded successfully]
[2025-12-31 15:38:32,039: INFO: common: yaml file: params.yaml loaded successfully]
[2025-12-31 15:38:32,040: INFO: common: created directory at: artifacts]
[2025-12-31 15:38:32,041: INFO: common: created directory at: artifacts\training]
[2025-12-31 15:38:32,555: ERROR: main: [WinError 3] The system cannot find the path specified: 'artifacts\\data_ingestion\\Kidney-ct-scan']
Traceback (most recent call last):
  File "main.py", line 31, in <module>
    model_trainer.main()
  File "c:\users\shyam\desktop\renal_tumor_classification_project\src\cnnClassifier\pipeline\stage_03_model_training.py", line 17, in main
    training.train_valid_generator()
  File "c:\users\shyam\desktop\renal_tumor_classification_project\src\cnnClassifier\components\model_training.py", line 36, in train_valid_generator
    self.valid_generator = valid_datagenerator.flow_from_directory(
  File "C:\Users\Shyam\anaconda3\envs\renal\lib\site-packages\keras\preprocessing\image.py", line 1648, in flow_from_directory
    return DirectoryIterator(
  File "C:\Users\Shyam\anaconda3\envs\renal\lib\site-packages\keras\preprocessing\image.py", line 563, in __init__
    for subdir in sorted(os.listdir(directory)):
FileNotFoundError: [WinError 3] The system cannot find the path specified: 'artifacts\\data_ingestion\\Kidney-ct-scan'
[2025-12-31 15:43:42,876: INFO: main: >>>>> stage Data Ingestion Stage started <<<<<]
[2025-12-31 15:43:42,878: INFO: common: yaml file: config\config.yaml loaded successfully]
[2025-12-31 15:43:42,880: INFO: common: yaml file: params.yaml loaded successfully]
[2025-12-31 15:43:42,881: INFO: common: created directory at: artifacts]
[2025-12-31 15:43:42,881: INFO: common: created directory at: artifacts/data_ingestion]
[2025-12-31 15:43:42,882: INFO: data_ingestion: Downloading data from https://drive.google.com/file/d/1NY__w7jcreT_kem8etYXak-5h8pCEzYK/view?usp=sharing into file artifacts/data_ingestion/data.zip]
[2025-12-31 15:44:49,928: INFO: data_ingestion: Downloaded data from https://drive.google.com/file/d/1NY__w7jcreT_kem8etYXak-5h8pCEzYK/view?usp=sharing into file artifacts/data_ingestion/data.zip]
[2025-12-31 15:45:00,160: INFO: main: >>>>> stage Data Ingestion Stage completed <<<<<

x==========x]
[2025-12-31 15:45:00,161: INFO: main: >>>>> stage Prepare Base Model started <<<<<]
[2025-12-31 15:45:00,163: INFO: common: yaml file: config\config.yaml loaded successfully]
[2025-12-31 15:45:00,165: INFO: common: yaml file: params.yaml loaded successfully]
[2025-12-31 15:45:00,165: INFO: common: created directory at: artifacts]
[2025-12-31 15:45:00,166: INFO: common: created directory at: artifacts/prepare_base_model]
[2025-12-31 15:45:00,800: WARNING: saving_utils: Compiled the loaded model, but the compiled metrics have yet to be built. `model.compile_metrics` will be empty until you train or evaluate the model.]
[2025-12-31 15:45:01,092: INFO: main: >>>>> stage Prepare Base Model completed <<<<<

x==========x]
[2025-12-31 15:45:01,092: INFO: main: >>>>> stage Training started <<<<<]
[2025-12-31 15:45:01,097: INFO: common: yaml file: config\config.yaml loaded successfully]
[2025-12-31 15:45:01,101: INFO: common: yaml file: params.yaml loaded successfully]
[2025-12-31 15:45:01,103: INFO: common: created directory at: artifacts]
[2025-12-31 15:45:01,106: INFO: common: created directory at: artifacts\training]
[2025-12-31 22:30:08,671: INFO: main: >>>>> stage Training completed <<<<<

x==========x]
[2025-12-31 22:30:08,677: INFO: main: >>>>> stage Evaluation started <<<<<]
[2025-12-31 22:30:08,690: INFO: common: yaml file: config\config.yaml loaded successfully]
[2025-12-31 22:30:08,698: INFO: common: yaml file: params.yaml loaded successfully]
[2025-12-31 22:30:08,701: INFO: common: created directory at: artifacts]
[2025-12-31 22:30:08,703: ERROR: main: 'Evaluation' object has no attribute 'get_base_model']
Traceback (most recent call last):
  File "main.py", line 42, in <module>
    model_evaluation.main()
  File "c:\users\shyam\desktop\renal_tumor_classification_project\src\cnnClassifier\pipeline\stage_04_model_evaluation.py", line 17, in main
    evaluation.get_base_model()
AttributeError: 'Evaluation' object has no attribute 'get_base_model'
[2025-12-31 22:50:07,222: INFO: main: >>>>> stage Evaluation started <<<<<]
[2025-12-31 22:50:07,224: INFO: common: yaml file: config\config.yaml loaded successfully]
[2025-12-31 22:50:07,227: INFO: common: yaml file: params.yaml loaded successfully]
[2025-12-31 22:50:07,228: INFO: common: created directory at: artifacts]
[2025-12-31 22:54:30,323: INFO: common: json file saved at: scores.json]
[2025-12-31 22:54:40,560: WARNING: save: Found untraced functions such as _jit_compiled_convolution_op, _jit_compiled_convolution_op, _jit_compiled_convolution_op, _jit_compiled_convolution_op, _jit_compiled_convolution_op while saving (showing 5 of 14). These functions will not be directly callable after loading.]
[2025-12-31 22:54:41,386: INFO: builder_impl: Assets written to: C:\Users\Shyam\AppData\Local\Temp\tmp0sb8lrlf\model\data\model\assets]
[2025-12-31 22:56:25,245: INFO: main: >>>>> stage Evaluation completed <<<<<

x==========x]
[2026-01-01 09:08:47,489: INFO: stage_01_data_ingestion: >>>>> stage Data Ingestion Stage started <<<<<]
[2026-01-01 09:08:47,492: INFO: common: yaml file: config\config.yaml loaded successfully]
[2026-01-01 09:08:47,494: INFO: common: yaml file: params.yaml loaded successfully]
[2026-01-01 09:08:47,495: INFO: common: created directory at: artifacts]
[2026-01-01 09:08:47,495: INFO: common: created directory at: artifacts/data_ingestion]
[2026-01-01 09:08:47,496: INFO: data_ingestion: Downloading data from https://drive.google.com/file/d/1NY__w7jcreT_kem8etYXak-5h8pCEzYK/view?usp=sharing into file artifacts/data_ingestion/data.zip]
[2026-01-01 09:10:27,926: INFO: data_ingestion: Downloaded data from https://drive.google.com/file/d/1NY__w7jcreT_kem8etYXak-5h8pCEzYK/view?usp=sharing into file artifacts/data_ingestion/data.zip]
[2026-01-01 09:10:37,991: INFO: stage_01_data_ingestion: >>>>> stage Data Ingestion Stage completed <<<<<

x==========x]
[2026-01-01 09:15:14,308: INFO: stage_02_prepare_base_model: >>>>>> Stage Prepare Base Model started <<<<<<]
[2026-01-01 09:15:14,311: INFO: common: yaml file: config\config.yaml loaded successfully]
[2026-01-01 09:15:14,314: INFO: common: yaml file: params.yaml loaded successfully]
[2026-01-01 09:15:14,314: INFO: common: created directory at: artifacts]
[2026-01-01 09:15:14,315: INFO: common: created directory at: artifacts/prepare_base_model]
[2026-01-01 09:15:15,103: WARNING: saving_utils: Compiled the loaded model, but the compiled metrics have yet to be built. `model.compile_metrics` will be empty until you train or evaluate the model.]
[2026-01-01 09:15:15,378: INFO: stage_02_prepare_base_model: >>>>>> Stage Prepare Base Model completed <<<<<<

x================x]
[2026-01-01 09:15:27,827: INFO: stage_03_model_training: >>>>>> Stage Training started <<<<<<]
[2026-01-01 09:15:27,830: INFO: common: yaml file: config\config.yaml loaded successfully]
[2026-01-01 09:15:27,832: INFO: common: yaml file: params.yaml loaded successfully]
[2026-01-01 09:15:27,832: INFO: common: created directory at: artifacts]
[2026-01-01 09:15:27,833: INFO: common: created directory at: artifacts\training]
[2026-01-01 12:37:21,348: INFO: stage_03_model_training: >>>>>> Stage Training completed <<<<<<

x================x]
[2026-01-01 12:37:42,053: INFO: stage_04_model_evaluation: >>>>>> Stage Evaluation started <<<<<<]
[2026-01-01 12:37:42,073: INFO: common: yaml file: config\config.yaml loaded successfully]
[2026-01-01 12:37:42,078: INFO: common: yaml file: params.yaml loaded successfully]
[2026-01-01 12:37:42,078: INFO: common: created directory at: artifacts]
[2026-01-01 12:42:06,232: INFO: common: json file saved at: scores.json]
[2026-01-01 12:42:15,004: WARNING: save: Found untraced functions such as _jit_compiled_convolution_op, _jit_compiled_convolution_op, _jit_compiled_convolution_op, _jit_compiled_convolution_op, _jit_compiled_convolution_op while saving (showing 5 of 14). These functions will not be directly callable after loading.]
[2026-01-01 12:42:15,721: INFO: builder_impl: Assets written to: C:\Users\Shyam\AppData\Local\Temp\tmpiv0xl8h8\model\data\model\assets]
[2026-01-01 12:43:38,908: INFO: stage_04_model_evaluation: >>>>>> Stage Evaluation completed <<<<<<

x================x]
[2026-01-01 13:16:41,557: INFO: _internal: [31m[1mWARNING: This is a development server. Do not use it in a production deployment. Use a production WSGI server instead.[0m
 * Running on http://127.0.0.1:8085]
[2026-01-01 13:16:41,557: INFO: _internal: [33mPress CTRL+C to quit[0m]
[2026-01-01 13:16:41,560: INFO: _internal:  * Restarting with stat]
[2026-01-01 13:16:47,194: WARNING: _internal:  * Debugger is active!]
[2026-01-01 13:16:47,207: INFO: _internal:  * Debugger PIN: 122-620-999]
[2026-01-01 13:17:01,121: INFO: _internal: 127.0.0.1 - - [01/Jan/2026 13:17:01] "GET / HTTP/1.1" 200 -]
[2026-01-01 13:18:23,043: INFO: _internal: 127.0.0.1 - - [01/Jan/2026 13:18:23] "GET / HTTP/1.1" 200 -]
[2026-01-01 13:18:32,867: INFO: _internal: 127.0.0.1 - - [01/Jan/2026 13:18:32] "GET / HTTP/1.1" 200 -]
[2026-01-01 13:35:55,470: INFO: _internal: [31m[1mWARNING: This is a development server. Do not use it in a production deployment. Use a production WSGI server instead.[0m
 * Running on http://127.0.0.1:8085]
[2026-01-01 13:35:55,471: INFO: _internal: [33mPress CTRL+C to quit[0m]
[2026-01-01 13:35:55,473: INFO: _internal:  * Restarting with stat]
[2026-01-01 13:36:01,344: WARNING: _internal:  * Debugger is active!]
[2026-01-01 13:36:01,355: INFO: _internal:  * Debugger PIN: 122-620-999]
[2026-01-01 13:36:05,587: INFO: _internal: 127.0.0.1 - - [01/Jan/2026 13:36:05] "GET / HTTP/1.1" 200 -]
[2026-01-01 13:48:38,375: INFO: _internal: 127.0.0.1 - - [01/Jan/2026 13:48:38] "GET / HTTP/1.1" 200 -]
[2026-01-01 13:49:01,167: INFO: _internal: [31m[1mWARNING: This is a development server. Do not use it in a production deployment. Use a production WSGI server instead.[0m
 * Running on http://127.0.0.1:8085]
[2026-01-01 13:49:01,167: INFO: _internal: [33mPress CTRL+C to quit[0m]
[2026-01-01 13:49:01,169: INFO: _internal:  * Restarting with stat]
[2026-01-01 13:49:07,741: WARNING: _internal:  * Debugger is active!]
[2026-01-01 13:49:07,752: INFO: _internal:  * Debugger PIN: 122-620-999]
[2026-01-01 13:49:07,775: INFO: _internal: 127.0.0.1 - - [01/Jan/2026 13:49:07] "GET / HTTP/1.1" 200 -]
[2026-01-01 13:49:07,793: INFO: _internal: 127.0.0.1 - - [01/Jan/2026 13:49:07] "GET / HTTP/1.1" 200 -]
[2026-01-01 13:49:08,349: INFO: _internal: 127.0.0.1 - - [01/Jan/2026 13:49:08] "[33mGET /favicon.ico HTTP/1.1[0m" 404 -]
[2026-01-01 13:49:08,356: INFO: _internal: 127.0.0.1 - - [01/Jan/2026 13:49:08] "[33mGET /favicon.ico HTTP/1.1[0m" 404 -]
[2026-01-01 13:49:32,436: INFO: _internal: 127.0.0.1 - - [01/Jan/2026 13:49:32] "POST /predict HTTP/1.1" 200 -]
[2026-01-01 13:49:52,825: INFO: _internal: 127.0.0.1 - - [01/Jan/2026 13:49:52] "POST /predict HTTP/1.1" 200 -]
[2026-01-01 13:50:10,361: INFO: _internal: 127.0.0.1 - - [01/Jan/2026 13:50:10] "[31m[1mGET /predict HTTP/1.1[0m" 405 -]
[2026-01-01 13:50:22,501: INFO: _internal: 127.0.0.1 - - [01/Jan/2026 13:50:22] "POST /predict HTTP/1.1" 200 -]
[2026-01-01 13:50:37,123: INFO: _internal: 127.0.0.1 - - [01/Jan/2026 13:50:37] "POST /predict HTTP/1.1" 200 -]
[2026-01-01 13:50:58,249: WARNING: polymorphic_function: 5 out of the last 5 calls to <function Model.make_predict_function.<locals>.predict_function at 0x000001D81C1F3280> triggered tf.function retracing. Tracing is expensive and the excessive number of tracings could be due to (1) creating @tf.function repeatedly in a loop, (2) passing tensors with different shapes, (3) passing Python objects instead of tensors. For (1), please define your @tf.function outside of the loop. For (2), @tf.function has reduce_retracing=True option that can avoid unnecessary retracing. For (3), please refer to https://www.tensorflow.org/guide/function#controlling_retracing and https://www.tensorflow.org/api_docs/python/tf/function for  more details.]
[2026-01-01 13:50:58,256: INFO: _internal: 127.0.0.1 - - [01/Jan/2026 13:50:58] "POST /predict HTTP/1.1" 200 -]
[2026-01-01 13:51:28,287: WARNING: polymorphic_function: 6 out of the last 6 calls to <function Model.make_predict_function.<locals>.predict_function at 0x000001D81C1F3160> triggered tf.function retracing. Tracing is expensive and the excessive number of tracings could be due to (1) creating @tf.function repeatedly in a loop, (2) passing tensors with different shapes, (3) passing Python objects instead of tensors. For (1), please define your @tf.function outside of the loop. For (2), @tf.function has reduce_retracing=True option that can avoid unnecessary retracing. For (3), please refer to https://www.tensorflow.org/guide/function#controlling_retracing and https://www.tensorflow.org/api_docs/python/tf/function for  more details.]
[2026-01-01 13:51:28,298: INFO: _internal: 127.0.0.1 - - [01/Jan/2026 13:51:28] "POST /predict HTTP/1.1" 200 -]
[2026-01-01 13:51:39,187: INFO: _internal: 127.0.0.1 - - [01/Jan/2026 13:51:39] "POST /predict HTTP/1.1" 200 -]
